C51 COMPILER V9.59.0.0   MAIN                                                              04/16/2019 14:30:03 PAGE 1   


C51 COMPILER V9.59.0.0, COMPILATION OF MODULE MAIN
OBJECT MODULE PLACED IN main.OBJ
COMPILER INVOKED BY: C:\Keil_v5\C51\BIN\C51.EXE main.c OPTIMIZE(8,SPEED) BROWSE DEBUG OBJECTEXTEND TABS(2)

line level    source

   1          /*************************************************************************************
   2          
   3          *
   4          实验现象：下载程序后"蜂鸣器模块"的蜂鸣器发声
   5          接线说明： 单片机-->蜂鸣器模块(具体接线图可见开发攻略对应实验的“实验现象”章节)
   6                 P15-->J7 
   7          注意事项：                    
   8          
   9                                
  10          **************************************************************************************
  11          
  12          */
  13          
  14          #include "reg52.h"       //此文件中定义了单片机的一些特殊功能寄存器
  15          #include<intrins.h>   //因为要用到左右移函数，所以加入这个头文件
  16          
  17          typedef unsigned int u16;   //对数据类型进行声明定义
  18          typedef unsigned char u8;
  19          
  20          sbit beep=P1^5;    
  21          
  22          /*******************************************************************************
  23          * 函 数 名         : delay
  24          * 函数功能       : 延时函数，i=1时，大约延时10us
  25          *******************************************************************************/
  26          void delay(u16 i)
  27          {
  28   1        while(i--); 
  29   1      }
  30          
  31          /*******************************************************************************
  32          * 函 数 名       : main
  33          * 函数功能     : 主函数
  34          * 输    入       : 无
  35          * 输    出       : 无
  36          *******************************************************************************/
  37          void main()
  38          { 
  39   1        beep = 0;
  40   1        while(1)
  41   1        { 
  42   2          beep=~beep;
  43   2          delay(200); //延时大约1ms   通过修改此延时时间达到不同的发声效果  
  44   2        }
  45   1      }


MODULE INFORMATION:   STATIC OVERLAYABLE
   CODE SIZE        =     24    ----
   CONSTANT SIZE    =   ----    ----
   XDATA SIZE       =   ----    ----
   PDATA SIZE       =   ----    ----
   DATA SIZE        =   ----    ----
   IDATA SIZE       =   ----    ----
   BIT SIZE         =   ----    ----
C51 COMPILER V9.59.0.0   MAIN                                                              04/16/2019 14:30:03 PAGE 2   

END OF MODULE INFORMATION.


C51 COMPILATION COMPLETE.  0 WARNING(S),  0 ERROR(S)
